# JRE version: Java(TM) SE Runtime Environment (8.0_241-b07) (build 1.8.0_241-b07)
# Java VM: Java HotSpot(TM) 64-Bit Server VM (25.241-b07 mixed mode linux-amd64 compressed oops)
Heap:
 PSYoungGen      total 127488K, used 0K [0x00000000d7100000, 0x00000000df280000, 0x0000000100000000)
  eden space 122368K, 0% used [0x00000000d7100000,0x00000000d7100000,0x00000000de880000)
  from space 5120K, 0% used [0x00000000de880000,0x00000000de880000,0x00000000ded80000)
  to   space 1536K, 0% used [0x00000000df100000,0x00000000df100000,0x00000000df280000)
 ParOldGen       total 796672K, used 616970K [0x0000000085200000, 0x00000000b5c00000, 0x00000000d7100000)
  object space 796672K, 77% used [0x0000000085200000,0x00000000aac82858,0x00000000b5c00000)
 Metaspace       used 4003K, capacity 4636K, committed 4864K, reserved 1056768K
  class space    used 443K, capacity 460K, committed 512K, reserved 1048576K
GC Heap History (10 events):
Event: 3.424 GC heap before
{Heap before GC invocations=3 (full 0):
 PSYoungGen      total 68608K, used 976K [0x00000000d7100000, 0x00000000db900000, 0x0000000100000000)
  eden space 63488K, 0% used [0x00000000d7100000,0x00000000d7100000,0x00000000daf00000)
  from space 5120K, 19% used [0x00000000db400000,0x00000000db4f4010,0x00000000db900000)
  to   space 5120K, 0% used [0x00000000daf00000,0x00000000daf00000,0x00000000db400000)
 ParOldGen       total 1342464K, used 1191126K [0x0000000085200000, 0x00000000d7100000, 0x00000000d7100000)
  object space 1342464K, 88% used [0x0000000085200000,0x00000000cdd35938,0x00000000d7100000)
 Metaspace       used 4003K, capacity 4636K, committed 4864K, reserved 1056768K
  class space    used 443K, capacity 460K, committed 512K, reserved 1048576K
Event: 3.564 GC heap after
Heap after GC invocations=3 (full 0):
 PSYoungGen      total 68608K, used 960K [0x00000000d7100000, 0x00000000df700000, 0x0000000100000000)
  eden space 63488K, 0% used [0x00000000d7100000,0x00000000d7100000,0x00000000daf00000)
  from space 5120K, 18% used [0x00000000daf00000,0x00000000daff0000,0x00000000db400000)
  to   space 5120K, 0% used [0x00000000df200000,0x00000000df200000,0x00000000df700000)
 ParOldGen       total 1342464K, used 1191126K [0x0000000085200000, 0x00000000d7100000, 0x00000000d7100000)
  object space 1342464K, 88% used [0x0000000085200000,0x00000000cdd35938,0x00000000d7100000)
 Metaspace       used 4003K, capacity 4636K, committed 4864K, reserved 1056768K
  class space    used 443K, capacity 460K, committed 512K, reserved 1048576K
}
Event: 3.564 GC heap before
{Heap before GC invocations=4 (full 1):
 PSYoungGen      total 68608K, used 960K [0x00000000d7100000, 0x00000000df700000, 0x0000000100000000)
  eden space 63488K, 0% used [0x00000000d7100000,0x00000000d7100000,0x00000000daf00000)
  from space 5120K, 18% used [0x00000000daf00000,0x00000000daff0000,0x00000000db400000)
  to   space 5120K, 0% used [0x00000000df200000,0x00000000df200000,0x00000000df700000)
 ParOldGen       total 1342464K, used 1191126K [0x0000000085200000, 0x00000000d7100000, 0x00000000d7100000)
  object space 1342464K, 88% used [0x0000000085200000,0x00000000cdd35938,0x00000000d7100000)
 Metaspace       used 4003K, capacity 4636K, committed 4864K, reserved 1056768K
  class space    used 443K, capacity 460K, committed 512K, reserved 1048576K
Event: 7.124 GC heap after
Heap after GC invocations=4 (full 1):
 PSYoungGen      total 68608K, used 0K [0x00000000d7100000, 0x00000000df700000, 0x0000000100000000)
  eden space 63488K, 0% used [0x00000000d7100000,0x00000000d7100000,0x00000000daf00000)
  from space 5120K, 0% used [0x00000000daf00000,0x00000000daf00000,0x00000000db400000)
  to   space 5120K, 0% used [0x00000000df200000,0x00000000df200000,0x00000000df700000)
 ParOldGen       total 530432K, used 411635K [0x0000000085200000, 0x00000000a5800000, 0x00000000d7100000)
  object space 530432K, 77% used [0x0000000085200000,0x000000009e3fcc60,0x00000000a5800000)
 Metaspace       used 4003K, capacity 4636K, committed 4864K, reserved 1056768K
  class space    used 443K, capacity 460K, committed 512K, reserved 1048576K
}
Event: 8.211 GC heap before
{Heap before GC invocations=5 (full 1):
 PSYoungGen      total 68608K, used 1269K [0x00000000d7100000, 0x00000000df700000, 0x0000000100000000)
  eden space 63488K, 2% used [0x00000000d7100000,0x00000000d723d718,0x00000000daf00000)
  from space 5120K, 0% used [0x00000000daf00000,0x00000000daf00000,0x00000000db400000)
  to   space 5120K, 0% used [0x00000000df200000,0x00000000df200000,0x00000000df700000)
 ParOldGen       total 1342464K, used 1027669K [0x0000000085200000, 0x00000000d7100000, 0x00000000d7100000)
  object space 1342464K, 76% used [0x0000000085200000,0x00000000c3d957a0,0x00000000d7100000)
 Metaspace       used 4003K, capacity 4636K, committed 4864K, reserved 1056768K
  class space    used 443K, capacity 460K, committed 512K, reserved 1048576K
Event: 8.316 GC heap after
Heap after GC invocations=5 (full 1):
 PSYoungGen      total 87040K, used 0K [0x00000000d7100000, 0x00000000df280000, 0x0000000100000000)
  eden space 86528K, 0% used [0x00000000d7100000,0x00000000d7100000,0x00000000dc580000)
  from space 512K, 0% used [0x00000000df200000,0x00000000df200000,0x00000000df280000)
  to   space 5120K, 0% used [0x00000000de880000,0x00000000de880000,0x00000000ded80000)
 ParOldGen       total 1342464K, used 1027669K [0x0000000085200000, 0x00000000d7100000, 0x00000000d7100000)
  object space 1342464K, 76% used [0x0000000085200000,0x00000000c3d957a0,0x00000000d7100000)
 Metaspace       used 4003K, capacity 4636K, committed 4864K, reserved 1056768K
  class space    used 443K, capacity 460K, committed 512K, reserved 1048576K
}
Event: 8.316 GC heap before
{Heap before GC invocations=6 (full 1):
 PSYoungGen      total 87040K, used 0K [0x00000000d7100000, 0x00000000df280000, 0x0000000100000000)
  eden space 86528K, 0% used [0x00000000d7100000,0x00000000d7100000,0x00000000dc580000)
  from space 512K, 0% used [0x00000000df200000,0x00000000df200000,0x00000000df280000)
  to   space 5120K, 0% used [0x00000000de880000,0x00000000de880000,0x00000000ded80000)
 ParOldGen       total 1342464K, used 1027669K [0x0000000085200000, 0x00000000d7100000, 0x00000000d7100000)
  object space 1342464K, 76% used [0x0000000085200000,0x00000000c3d957a0,0x00000000d7100000)
 Metaspace       used 4003K, capacity 4636K, committed 4864K, reserved 1056768K
  class space    used 443K, capacity 460K, committed 512K, reserved 1048576K
Event: 8.425 GC heap after
Heap after GC invocations=6 (full 1):
 PSYoungGen      total 127488K, used 0K [0x00000000d7100000, 0x00000000df280000, 0x0000000100000000)
  eden space 122368K, 0% used [0x00000000d7100000,0x00000000d7100000,0x00000000de880000)
  from space 5120K, 0% used [0x00000000de880000,0x00000000de880000,0x00000000ded80000)
  to   space 1536K, 0% used [0x00000000df100000,0x00000000df100000,0x00000000df280000)
 ParOldGen       total 1342464K, used 1027669K [0x0000000085200000, 0x00000000d7100000, 0x00000000d7100000)
  object space 1342464K, 76% used [0x0000000085200000,0x00000000c3d957a0,0x00000000d7100000)
 Metaspace       used 4003K, capacity 4636K, committed 4864K, reserved 1056768K
  class space    used 443K, capacity 460K, committed 512K, reserved 1048576K
}
Event: 8.425 GC heap before
{Heap before GC invocations=7 (full 2):
 PSYoungGen      total 127488K, used 0K [0x00000000d7100000, 0x00000000df280000, 0x0000000100000000)
  eden space 122368K, 0% used [0x00000000d7100000,0x00000000d7100000,0x00000000de880000)
  from space 5120K, 0% used [0x00000000de880000,0x00000000de880000,0x00000000ded80000)
  to   space 1536K, 0% used [0x00000000df100000,0x00000000df100000,0x00000000df280000)
 ParOldGen       total 1342464K, used 1027669K [0x0000000085200000, 0x00000000d7100000, 0x00000000d7100000)
  object space 1342464K, 76% used [0x0000000085200000,0x00000000c3d957a0,0x00000000d7100000)
 Metaspace       used 4003K, capacity 4636K, committed 4864K, reserved 1056768K
  class space    used 443K, capacity 460K, committed 512K, reserved 1048576K
Event: 13.723 GC heap after
Heap after GC invocations=7 (full 2):
 PSYoungGen      total 127488K, used 0K [0x00000000d7100000, 0x00000000df280000, 0x0000000100000000)
  eden space 122368K, 0% used [0x00000000d7100000,0x00000000d7100000,0x00000000de880000)
  from space 5120K, 0% used [0x00000000de880000,0x00000000de880000,0x00000000ded80000)
  to   space 1536K, 0% used [0x00000000df100000,0x00000000df100000,0x00000000df280000)
 ParOldGen       total 796672K, used 616970K [0x0000000085200000, 0x00000000b5c00000, 0x00000000d7100000)
  object space 796672K, 77% used [0x0000000085200000,0x00000000aac82858,0x00000000b5c00000)
 Metaspace       used 4003K, capacity 4636K, committed 4864K, reserved 1056768K
  class space    used 443K, capacity 460K, committed 512K, reserved 1048576K
}

