# JRE version: Java(TM) SE Runtime Environment (8.0_241-b07) (build 1.8.0_241-b07)
# Java VM: Java HotSpot(TM) 64-Bit Server VM (25.241-b07 mixed mode linux-amd64 compressed oops)
Heap:
 PSYoungGen      total 64000K, used 0K [0x00000000d7100000, 0x00000000dcc80000, 0x0000000100000000)
  eden space 58880K, 0% used [0x00000000d7100000,0x00000000d7100000,0x00000000daa80000)
  from space 5120K, 0% used [0x00000000daa80000,0x00000000daa80000,0x00000000daf80000)
  to   space 2048K, 0% used [0x00000000dca80000,0x00000000dca80000,0x00000000dcc80000)
 ParOldGen       total 776704K, used 616985K [0x0000000085200000, 0x00000000b4880000, 0x00000000d7100000)
  object space 776704K, 79% used [0x0000000085200000,0x00000000aac866d0,0x00000000b4880000)
 Metaspace       used 4047K, capacity 4636K, committed 4864K, reserved 1056768K
  class space    used 450K, capacity 460K, committed 512K, reserved 1048576K
GC Heap History (10 events):
Event: 39.837 GC heap before
{Heap before GC invocations=3 (full 0):
 PSYoungGen      total 36864K, used 1024K [0x00000000d7100000, 0x00000000db900000, 0x0000000100000000)
  eden space 31744K, 0% used [0x00000000d7100000,0x00000000d7100000,0x00000000d9000000)
  from space 5120K, 20% used [0x00000000d9500000,0x00000000d9600020,0x00000000d9a00000)
  to   space 5120K, 0% used [0x00000000d9000000,0x00000000d9000000,0x00000000d9500000)
 ParOldGen       total 1342464K, used 1191126K [0x0000000085200000, 0x00000000d7100000, 0x00000000d7100000)
  object space 1342464K, 88% used [0x0000000085200000,0x00000000cdd35938,0x00000000d7100000)
 Metaspace       used 4047K, capacity 4636K, committed 4864K, reserved 1056768K
  class space    used 450K, capacity 460K, committed 512K, reserved 1048576K
Event: 41.222 GC heap after
Heap after GC invocations=3 (full 0):
 PSYoungGen      total 36864K, used 1008K [0x00000000d7100000, 0x00000000db900000, 0x0000000100000000)
  eden space 31744K, 0% used [0x00000000d7100000,0x00000000d7100000,0x00000000d9000000)
  from space 5120K, 19% used [0x00000000d9000000,0x00000000d90fc010,0x00000000d9500000)
  to   space 5120K, 0% used [0x00000000db400000,0x00000000db400000,0x00000000db900000)
 ParOldGen       total 1342464K, used 1191126K [0x0000000085200000, 0x00000000d7100000, 0x00000000d7100000)
  object space 1342464K, 88% used [0x0000000085200000,0x00000000cdd35938,0x00000000d7100000)
 Metaspace       used 4047K, capacity 4636K, committed 4864K, reserved 1056768K
  class space    used 450K, capacity 460K, committed 512K, reserved 1048576K
}
Event: 41.222 GC heap before
{Heap before GC invocations=4 (full 1):
 PSYoungGen      total 36864K, used 1008K [0x00000000d7100000, 0x00000000db900000, 0x0000000100000000)
  eden space 31744K, 0% used [0x00000000d7100000,0x00000000d7100000,0x00000000d9000000)
  from space 5120K, 19% used [0x00000000d9000000,0x00000000d90fc010,0x00000000d9500000)
  to   space 5120K, 0% used [0x00000000db400000,0x00000000db400000,0x00000000db900000)
 ParOldGen       total 1342464K, used 1191126K [0x0000000085200000, 0x00000000d7100000, 0x00000000d7100000)
  object space 1342464K, 88% used [0x0000000085200000,0x00000000cdd35938,0x00000000d7100000)
 Metaspace       used 4047K, capacity 4636K, committed 4864K, reserved 1056768K
  class space    used 450K, capacity 460K, committed 512K, reserved 1048576K
Event: 50.224 GC heap after
Heap after GC invocations=4 (full 1):
 PSYoungGen      total 36864K, used 0K [0x00000000d7100000, 0x00000000db900000, 0x0000000100000000)
  eden space 31744K, 0% used [0x00000000d7100000,0x00000000d7100000,0x00000000d9000000)
  from space 5120K, 0% used [0x00000000d9000000,0x00000000d9000000,0x00000000d9500000)
  to   space 5120K, 0% used [0x00000000db400000,0x00000000db400000,0x00000000db900000)
 ParOldGen       total 521728K, used 411650K [0x0000000085200000, 0x00000000a4f80000, 0x00000000d7100000)
  object space 521728K, 78% used [0x0000000085200000,0x000000009e400910,0x00000000a4f80000)
 Metaspace       used 4047K, capacity 4636K, committed 4864K, reserved 1056768K
  class space    used 450K, capacity 460K, committed 512K, reserved 1048576K
}
Event: 51.310 GC heap before
{Heap before GC invocations=5 (full 1):
 PSYoungGen      total 36864K, used 634K [0x00000000d7100000, 0x00000000db900000, 0x0000000100000000)
  eden space 31744K, 2% used [0x00000000d7100000,0x00000000d719eb98,0x00000000d9000000)
  from space 5120K, 0% used [0x00000000d9000000,0x00000000d9000000,0x00000000d9500000)
  to   space 5120K, 0% used [0x00000000db400000,0x00000000db400000,0x00000000db900000)
 ParOldGen       total 1342464K, used 1027685K [0x0000000085200000, 0x00000000d7100000, 0x00000000d7100000)
  object space 1342464K, 76% used [0x0000000085200000,0x00000000c3d99450,0x00000000d7100000)
 Metaspace       used 4047K, capacity 4636K, committed 4864K, reserved 1056768K
  class space    used 450K, capacity 460K, committed 512K, reserved 1048576K
Event: 51.418 GC heap after
Heap after GC invocations=5 (full 1):
 PSYoungGen      total 52224K, used 0K [0x00000000d7100000, 0x00000000db480000, 0x0000000100000000)
  eden space 51712K, 0% used [0x00000000d7100000,0x00000000d7100000,0x00000000da380000)
  from space 512K, 0% used [0x00000000db400000,0x00000000db400000,0x00000000db480000)
  to   space 5120K, 0% used [0x00000000daa80000,0x00000000daa80000,0x00000000daf80000)
 ParOldGen       total 1342464K, used 1027685K [0x0000000085200000, 0x00000000d7100000, 0x00000000d7100000)
  object space 1342464K, 76% used [0x0000000085200000,0x00000000c3d99450,0x00000000d7100000)
 Metaspace       used 4047K, capacity 4636K, committed 4864K, reserved 1056768K
  class space    used 450K, capacity 460K, committed 512K, reserved 1048576K
}
Event: 51.418 GC heap before
{Heap before GC invocations=6 (full 1):
 PSYoungGen      total 52224K, used 0K [0x00000000d7100000, 0x00000000db480000, 0x0000000100000000)
  eden space 51712K, 0% used [0x00000000d7100000,0x00000000d7100000,0x00000000da380000)
  from space 512K, 0% used [0x00000000db400000,0x00000000db400000,0x00000000db480000)
  to   space 5120K, 0% used [0x00000000daa80000,0x00000000daa80000,0x00000000daf80000)
 ParOldGen       total 1342464K, used 1027685K [0x0000000085200000, 0x00000000d7100000, 0x00000000d7100000)
  object space 1342464K, 76% used [0x0000000085200000,0x00000000c3d99450,0x00000000d7100000)
 Metaspace       used 4047K, capacity 4636K, committed 4864K, reserved 1056768K
  class space    used 450K, capacity 460K, committed 512K, reserved 1048576K
Event: 51.531 GC heap after
Heap after GC invocations=6 (full 1):
 PSYoungGen      total 64000K, used 0K [0x00000000d7100000, 0x00000000dcc80000, 0x0000000100000000)
  eden space 58880K, 0% used [0x00000000d7100000,0x00000000d7100000,0x00000000daa80000)
  from space 5120K, 0% used [0x00000000daa80000,0x00000000daa80000,0x00000000daf80000)
  to   space 2048K, 0% used [0x00000000dca80000,0x00000000dca80000,0x00000000dcc80000)
 ParOldGen       total 1342464K, used 1027685K [0x0000000085200000, 0x00000000d7100000, 0x00000000d7100000)
  object space 1342464K, 76% used [0x0000000085200000,0x00000000c3d99450,0x00000000d7100000)
 Metaspace       used 4047K, capacity 4636K, committed 4864K, reserved 1056768K
  class space    used 450K, capacity 460K, committed 512K, reserved 1048576K
}
Event: 51.531 GC heap before
{Heap before GC invocations=7 (full 2):
 PSYoungGen      total 64000K, used 0K [0x00000000d7100000, 0x00000000dcc80000, 0x0000000100000000)
  eden space 58880K, 0% used [0x00000000d7100000,0x00000000d7100000,0x00000000daa80000)
  from space 5120K, 0% used [0x00000000daa80000,0x00000000daa80000,0x00000000daf80000)
  to   space 2048K, 0% used [0x00000000dca80000,0x00000000dca80000,0x00000000dcc80000)
 ParOldGen       total 1342464K, used 1027685K [0x0000000085200000, 0x00000000d7100000, 0x00000000d7100000)
  object space 1342464K, 76% used [0x0000000085200000,0x00000000c3d99450,0x00000000d7100000)
 Metaspace       used 4047K, capacity 4636K, committed 4864K, reserved 1056768K
  class space    used 450K, capacity 460K, committed 512K, reserved 1048576K
Event: 59.270 GC heap after
Heap after GC invocations=7 (full 2):
 PSYoungGen      total 64000K, used 0K [0x00000000d7100000, 0x00000000dcc80000, 0x0000000100000000)
  eden space 58880K, 0% used [0x00000000d7100000,0x00000000d7100000,0x00000000daa80000)
  from space 5120K, 0% used [0x00000000daa80000,0x00000000daa80000,0x00000000daf80000)
  to   space 2048K, 0% used [0x00000000dca80000,0x00000000dca80000,0x00000000dcc80000)
 ParOldGen       total 776704K, used 616985K [0x0000000085200000, 0x00000000b4880000, 0x00000000d7100000)
  object space 776704K, 79% used [0x0000000085200000,0x00000000aac866d0,0x00000000b4880000)
 Metaspace       used 4047K, capacity 4636K, committed 4864K, reserved 1056768K
  class space    used 450K, capacity 460K, committed 512K, reserved 1048576K
}

